<?xml version="1.0" encoding="UTF-8"?>
<robot generator="Robot 3.1.2 (Python 3.7.4 on win32)" generated="20191023 16:53:43.165" rpa="false">
<suite id="s1" name="DemoRobotFramework" source="D:\Demo\DemoRobotFramework.robot">
<test id="s1-t1" name="I want Google page">
<kw name="Open Browser" library="SeleniumLibrary">
<doc>Opens a new browser instance to the given ``url``.</doc>
<arguments>
<arg>${Google-TH-URL}</arg>
<arg>${BROWSER}</arg>
</arguments>
<msg timestamp="20191023 16:53:43.389" level="INFO">Opening browser 'Chrome' to base url 'http://www.google.co.th'.</msg>
<status status="PASS" starttime="20191023 16:53:43.389" endtime="20191023 16:53:49.825"></status>
</kw>
<kw name="Page Should Contain" library="SeleniumLibrary">
<doc>Verifies that current page contains ``text``.</doc>
<arguments>
<arg>google</arg>
</arguments>
<msg timestamp="20191023 16:53:49.866" level="INFO">Current page contains text 'google'.</msg>
<status status="PASS" starttime="20191023 16:53:49.827" endtime="20191023 16:53:49.866"></status>
</kw>
<status status="PASS" starttime="20191023 16:53:43.389" endtime="20191023 16:53:49.867" critical="yes"></status>
</test>
<test id="s1-t2" name="CS KKU Website">
<kw name="Input Text" library="SeleniumLibrary">
<doc>Types the given ``text`` into text field identified by ``locator``.</doc>
<arguments>
<arg>q</arg>
<arg>${Cs-kku}</arg>
</arguments>
<msg timestamp="20191023 16:53:49.870" level="INFO">Typing text 'www.cs.kku.ac.th' into text field 'q'.</msg>
<status status="PASS" starttime="20191023 16:53:49.869" endtime="20191023 16:53:50.039"></status>
</kw>
<kw name="Submit Form" library="SeleniumLibrary">
<doc>Submits a form identified by ``locator``.</doc>
<arguments>
<arg>tsf</arg>
</arguments>
<msg timestamp="20191023 16:53:50.040" level="INFO">Submitting form 'tsf'.</msg>
<status status="PASS" starttime="20191023 16:53:50.040" endtime="20191023 16:53:50.940"></status>
</kw>
<kw name="Page Should Contain" library="SeleniumLibrary">
<doc>Verifies that current page contains ``text``.</doc>
<arguments>
<arg>CS KKU - มหาวิทยาลัยขอนแก่น</arg>
</arguments>
<msg timestamp="20191023 16:53:50.962" level="INFO">Current page contains text 'CS KKU - มหาวิทยาลัยขอนแก่น'.</msg>
<status status="PASS" starttime="20191023 16:53:50.941" endtime="20191023 16:53:50.962"></status>
</kw>
<kw name="Close Browser" library="SeleniumLibrary" type="teardown">
<doc>Closes the current browser.</doc>
<status status="PASS" starttime="20191023 16:53:50.963" endtime="20191023 16:53:53.068"></status>
</kw>
<status status="PASS" starttime="20191023 16:53:49.869" endtime="20191023 16:53:53.070" critical="yes"></status>
</test>
<status status="PASS" starttime="20191023 16:53:43.166" endtime="20191023 16:53:53.076"></status>
</suite>
<statistics>
<total>
<stat pass="2" fail="0">Critical Tests</stat>
<stat pass="2" fail="0">All Tests</stat>
</total>
<tag>
</tag>
<suite>
<stat pass="2" fail="0" id="s1" name="DemoRobotFramework">DemoRobotFramework</stat>
</suite>
</statistics>
<errors>
</errors>
</robot>
