<?xml version="1.0" encoding="UTF-8"?>
<robot generator="Robot 3.1.2 (Python 3.7.4 on win32)" generated="20191023 16:40:05.823" rpa="false">
<suite id="s1" name="DemoRobotFramework" source="D:\Demo\DemoRobotFramework.robot">
<test id="s1-t1" name="I want Google page">
<kw name="Open Browser" library="SeleniumLibrary">
<doc>Opens a new browser instance to the given ``url``.</doc>
<arguments>
<arg>${Google-TH-URL}</arg>
<arg>${BROWSER}</arg>
</arguments>
<msg timestamp="20191023 16:40:06.045" level="INFO">Opening browser 'Chrome' to base url 'http://www.google.co.th'.</msg>
<status status="PASS" starttime="20191023 16:40:06.045" endtime="20191023 16:40:12.404"></status>
</kw>
<kw name="Page Should Contain" library="SeleniumLibrary">
<doc>Verifies that current page contains ``text``.</doc>
<arguments>
<arg>google</arg>
</arguments>
<msg timestamp="20191023 16:40:12.433" level="INFO">Current page contains text 'google'.</msg>
<status status="PASS" starttime="20191023 16:40:12.405" endtime="20191023 16:40:12.433"></status>
</kw>
<status status="PASS" starttime="20191023 16:40:06.044" endtime="20191023 16:40:12.434" critical="yes"></status>
</test>
<test id="s1-t2" name="CS KKU Website">
<kw name="Input Text" library="SeleniumLibrary">
<doc>Types the given ``text`` into text field identified by ``locator``.</doc>
<arguments>
<arg>q</arg>
<arg>${Cs-kku}</arg>
</arguments>
<msg timestamp="20191023 16:40:12.437" level="INFO">Typing text 'www.cs.kku.ac.th' into text field 'q'.</msg>
<status status="PASS" starttime="20191023 16:40:12.437" endtime="20191023 16:40:12.608"></status>
</kw>
<kw name="Submit Form" library="SeleniumLibrary">
<doc>Submits a form identified by ``locator``.</doc>
<arguments>
<arg>input.RNmpXc</arg>
</arguments>
<msg timestamp="20191023 16:40:12.609" level="INFO">Submitting form 'input.RNmpXc'.</msg>
<kw name="Capture Page Screenshot" library="SeleniumLibrary">
<doc>Takes screenshot of the current page and embeds it into log file.</doc>
<msg timestamp="20191023 16:40:12.933" level="INFO" html="yes">&lt;/td&gt;&lt;/tr&gt;&lt;tr&gt;&lt;td colspan="3"&gt;&lt;a href="selenium-screenshot-22.png"&gt;&lt;img src="selenium-screenshot-22.png" width="800px"&gt;&lt;/a&gt;</msg>
<status status="PASS" starttime="20191023 16:40:12.622" endtime="20191023 16:40:12.933"></status>
</kw>
<msg timestamp="20191023 16:40:12.936" level="FAIL">Form with locator 'input.RNmpXc' not found.</msg>
<status status="FAIL" starttime="20191023 16:40:12.609" endtime="20191023 16:40:12.937"></status>
</kw>
<kw name="Close Browser" library="SeleniumLibrary" type="teardown">
<doc>Closes the current browser.</doc>
<status status="PASS" starttime="20191023 16:40:12.937" endtime="20191023 16:40:15.040"></status>
</kw>
<status status="FAIL" starttime="20191023 16:40:12.436" endtime="20191023 16:40:15.042" critical="yes">Form with locator 'input.RNmpXc' not found.</status>
</test>
<status status="FAIL" starttime="20191023 16:40:05.824" endtime="20191023 16:40:15.050"></status>
</suite>
<statistics>
<total>
<stat pass="1" fail="1">Critical Tests</stat>
<stat pass="1" fail="1">All Tests</stat>
</total>
<tag>
</tag>
<suite>
<stat pass="1" fail="1" id="s1" name="DemoRobotFramework">DemoRobotFramework</stat>
</suite>
</statistics>
<errors>
</errors>
</robot>
